<?xml version="1.0" encoding="UTF-8"?>
<!-- Generated by org.testng.reporters.JUnitReportReporter -->
<testsuite hostname="DESKTOP-L39MVLS" failures="0" tests="1" name="testcase.Login" time="1.265" errors="0" timestamp="2022-07-25T23:44:52 WAT" skipped="0">
  <testcase classname="testcase.Login" name="login" time="1.265"/>
  <system-out/>
</testsuite> <!-- testcase.Login -->
